<?xml version="1.0" encoding="UTF-8"?>
<testsuite name="PingPongTest" tests="3" skipped="0" failures="0" errors="0" timestamp="2015-08-10T22:47:45" hostname="epicodus-109.local" time="0.001">
  <properties/>
  <testcase name="isPingPong_divisibleBy3_ping" classname="PingPongTest" time="0.001"/>
  <testcase name="isPingPong_divisibleBy5_pong" classname="PingPongTest" time="0.0"/>
  <testcase name="isPingPong_divisibleBy15_pingpong" classname="PingPongTest" time="0.0"/>
  <system-out><![CDATA[]]></system-out>
  <system-err><![CDATA[]]></system-err>
</testsuite>
